<?xml version="1.0" encoding="UTF-8"?>
<!-- Generated by org.testng.reporters.JUnitXMLReporter -->
<testsuite ignored="2" hostname="2206shubham" failures="0" tests="2" name="Test" time="16.658" errors="0" timestamp="2022-01-24T15:40:34 IST">
  <testcase classname="testng_basics.TC_Loan_003" name="repayLoan" time="8.44"/>
  <testcase classname="testng_basics.TC_Loan_004" name="deleteLoan" time="8.13"/>
  <testcase classname="testng_basics.TC_Loan_001" name="createLoan" time="0.0">
    <ignored/>
  </testcase> <!-- createLoan -->
  <testcase classname="testng_basics.TC_Loan_002" name="lenovo" time="0.0">
    <ignored/>
  </testcase> <!-- lenovo -->
</testsuite> <!-- Test -->
