<?xml version="1.0" encoding="UTF-8"?>
<testng-results ignored="2" total="4" passed="2" failed="0" skipped="0">
  <reporter-output>
  </reporter-output>
  <suite started-at="2022-01-24T15:40:18 IST" name="Suite" finished-at="2022-01-24T15:40:34 IST" duration-ms="16658">
    <groups>
      <group name="smoke">
        <method signature="TC_Loan_003.repayLoan()[pri:0, instance:testng_basics.TC_Loan_003@29e495ff]" name="repayLoan" class="testng_basics.TC_Loan_003"/>
        <method signature="TC_Loan_004.deleteLoan()[pri:0, instance:testng_basics.TC_Loan_004@41e1e210]" name="deleteLoan" class="testng_basics.TC_Loan_004"/>
      </group> <!-- smoke -->
    </groups>
    <test started-at="2022-01-24T15:40:18 IST" name="Test" finished-at="2022-01-24T15:40:34 IST" duration-ms="16658">
      <class name="testng_basics.TC_Loan_003">
        <test-method signature="repayLoan()[pri:0, instance:testng_basics.TC_Loan_003@29e495ff]" started-at="2022-01-24T15:40:18 IST" name="repayLoan" finished-at="2022-01-24T15:40:26 IST" duration-ms="8440" status="PASS">
          <reporter-output>
          </reporter-output>
        </test-method> <!-- repayLoan -->
      </class> <!-- testng_basics.TC_Loan_003 -->
      <class name="testng_basics.TC_Loan_004">
        <test-method signature="deleteLoan()[pri:0, instance:testng_basics.TC_Loan_004@41e1e210]" started-at="2022-01-24T15:40:26 IST" name="deleteLoan" finished-at="2022-01-24T15:40:34 IST" duration-ms="8130" status="PASS">
          <reporter-output>
          </reporter-output>
        </test-method> <!-- deleteLoan -->
      </class> <!-- testng_basics.TC_Loan_004 -->
    </test> <!-- Test -->
  </suite> <!-- Suite -->
</testng-results>
